This is pdfTeX, Version 3.1415926-2.4-1.40.13 (MiKTeX 2.9) (preloaded format=pdflatex 2013.8.12)  8 MAR 2014 20:05
entering extended mode
**manual.tex

(C:\Users\Matthew\Documents\biblatex\RefManageR\code\RefManageR\vignettes\manua
l.tex
LaTeX2e <2011/06/27>
Babel <v3.8m> and hyphenation patterns for english, afrikaans, ancientgreek, ar
abic, armenian, assamese, basque, bengali, bokmal, bulgarian, catalan, coptic, 
croatian, czech, danish, dutch, esperanto, estonian, farsi, finnish, french, ga
lician, german, german-x-2012-05-30, greek, gujarati, hindi, hungarian, iceland
ic, indonesian, interlingua, irish, italian, kannada, kurmanji, latin, latvian,
 lithuanian, malayalam, marathi, mongolian, mongolianlmc, monogreek, ngerman, n
german-x-2012-05-30, nynorsk, oriya, panjabi, pinyin, polish, portuguese, roman
ian, russian, sanskrit, serbian, slovak, slovenian, spanish, swedish, swissgerm
an, tamil, telugu, turkish, turkmen, ukenglish, ukrainian, uppersorbian, usengl
ishmax, welsh, loaded.
("C:\Program Files (x86)\MiKTeX 2.9\tex\latex\base\article.cls"
Document Class: article 2007/10/19 v1.4h Standard LaTeX document class
("C:\Program Files (x86)\MiKTeX 2.9\tex\latex\base\size10.clo"
File: size10.clo 2007/10/19 v1.4h Standard LaTeX file (size option)
)
\c@part=\count79
\c@section=\count80
\c@subsection=\count81
\c@subsubsection=\count82
\c@paragraph=\count83
\c@subparagraph=\count84
\c@figure=\count85
\c@table=\count86
\abovecaptionskip=\skip41
\belowcaptionskip=\skip42
\bibindent=\dimen102
)
("C:\Program Files (x86)\MiKTeX 2.9\tex\latex\graphics\graphicx.sty"
Package: graphicx 1999/02/16 v1.0f Enhanced LaTeX Graphics (DPC,SPQR)

("C:\Program Files (x86)\MiKTeX 2.9\tex\latex\graphics\keyval.sty"
Package: keyval 1999/03/16 v1.13 key=value parser (DPC)
\KV@toks@=\toks14
)
("C:\Program Files (x86)\MiKTeX 2.9\tex\latex\graphics\graphics.sty"
Package: graphics 2009/02/05 v1.0o Standard LaTeX Graphics (DPC,SPQR)

("C:\Program Files (x86)\MiKTeX 2.9\tex\latex\graphics\trig.sty"
Package: trig 1999/03/16 v1.09 sin cos tan (DPC)
)
("C:\Program Files (x86)\MiKTeX 2.9\tex\latex\00miktex\graphics.cfg"
File: graphics.cfg 2007/01/18 v1.5 graphics configuration of teTeX/TeXLive
)
Package graphics Info: Driver file: pdftex.def on input line 91.

("C:\Program Files (x86)\MiKTeX 2.9\tex\latex\pdftex-def\pdftex.def"
File: pdftex.def 2011/05/27 v0.06d Graphics/color for pdfTeX

("C:\Program Files (x86)\MiKTeX 2.9\tex\generic\oberdiek\infwarerr.sty"
Package: infwarerr 2010/04/08 v1.3 Providing info/warning/error messages (HO)
)
("C:\Program Files (x86)\MiKTeX 2.9\tex\generic\oberdiek\ltxcmds.sty"
Package: ltxcmds 2011/11/09 v1.22 LaTeX kernel commands for general use (HO)
)
\Gread@gobject=\count87
))
\Gin@req@height=\dimen103
\Gin@req@width=\dimen104
)
("C:\Program Files (x86)\MiKTeX 2.9\tex\latex\graphics\color.sty"
Package: color 2005/11/14 v1.0j Standard LaTeX Color (DPC)

("C:\Program Files (x86)\MiKTeX 2.9\tex\latex\00miktex\color.cfg"
File: color.cfg 2007/01/18 v1.5 color configuration of teTeX/TeXLive
)
Package color Info: Driver file: pdftex.def on input line 130.
)
("C:\Program Files (x86)\MiKTeX 2.9\tex\latex\framed\framed.sty"
Package: framed 2011/10/22 v 0.96: framed or shaded text with page breaks
\OuterFrameSep=\skip43
\fb@frw=\dimen105
\fb@frh=\dimen106
\FrameRule=\dimen107
\FrameSep=\dimen108
)
("C:\Program Files (x86)\MiKTeX 2.9\tex\latex\base\alltt.sty"
Package: alltt 1997/06/16 v2.0g defines alltt environment
)
("C:\Program Files (x86)\MiKTeX 2.9\tex\latex\pdfpages\pdfpages.sty"
Package: pdfpages 2013/08/25 v0.4v Insert pages of external PDF documents (AM)

("C:\Program Files (x86)\MiKTeX 2.9\tex\latex\base\ifthen.sty"
Package: ifthen 2001/05/26 v1.1c Standard LaTeX ifthen package (DPC)
)
("C:\Program Files (x86)\MiKTeX 2.9\tex\latex\tools\calc.sty"
Package: calc 2007/08/22 v4.3 Infix arithmetic (KKT,FJ)
\calc@Acount=\count88
\calc@Bcount=\count89
\calc@Adimen=\dimen109
\calc@Bdimen=\dimen110
\calc@Askip=\skip44
\calc@Bskip=\skip45
LaTeX Info: Redefining \setlength on input line 76.
LaTeX Info: Redefining \addtolength on input line 77.
\calc@Ccount=\count90
\calc@Cskip=\skip46
)
("C:\Program Files (x86)\MiKTeX 2.9\tex\latex\eso-pic\eso-pic.sty"
Package: eso-pic 2013/10/06 v2.0d eso-pic (RN)

("C:\Program Files (x86)\MiKTeX 2.9\tex\generic\oberdiek\atbegshi.sty"
Package: atbegshi 2011/10/05 v1.16 At begin shipout hook (HO)

("C:\Program Files (x86)\MiKTeX 2.9\tex\generic\oberdiek\ifpdf.sty"
Package: ifpdf 2011/01/30 v2.3 Provides the ifpdf switch (HO)
Package ifpdf Info: pdfTeX in PDF mode is detected.
)))
("C:\Program Files (x86)\MiKTeX 2.9\tex\latex\pdfpages\pppdftex.def"
File: pppdftex.def 2013/08/25 v0.4v Pdfpages driver for pdfTeX (AM)
)
\AM@pagebox=\box26
\AM@toc@title=\toks15
\c@AM@survey=\count91
\AM@templatesizebox=\box27
)
("C:\Program Files (x86)\MiKTeX 2.9\tex\latex\upquote\upquote.sty"
Package: upquote 2012/04/19 v1.3 upright-quote and grave-accent glyphs in verba
tim
)
(C:\Users\Matthew\Documents\biblatex\RefManageR\code\RefManageR\vignettes\manua
l.aux)
LaTeX Font Info:    Checking defaults for OML/cmm/m/it on input line 56.
LaTeX Font Info:    ... okay on input line 56.
LaTeX Font Info:    Checking defaults for T1/cmr/m/n on input line 56.
LaTeX Font Info:    ... okay on input line 56.
LaTeX Font Info:    Checking defaults for OT1/cmr/m/n on input line 56.
LaTeX Font Info:    ... okay on input line 56.
LaTeX Font Info:    Checking defaults for OMS/cmsy/m/n on input line 56.
LaTeX Font Info:    ... okay on input line 56.
LaTeX Font Info:    Checking defaults for OMX/cmex/m/n on input line 56.
LaTeX Font Info:    ... okay on input line 56.
LaTeX Font Info:    Checking defaults for U/cmr/m/n on input line 56.
LaTeX Font Info:    ... okay on input line 56.
 ("C:\Program Files (x86)\MiKTeX 2.9\tex\context\base\supp-pdf.mkii"
[Loading MPS to PDF converter (version 2006.09.02).]
\scratchcounter=\count92
\scratchdimen=\dimen111
\scratchbox=\box28
\nofMPsegments=\count93
\nofMParguments=\count94
\everyMPshowfont=\toks16
\MPscratchCnt=\count95
\MPscratchDim=\dimen112
\MPnumerator=\count96
\makeMPintoPDFobject=\count97
\everyMPtoPDFconversion=\toks17
)
\AtBeginShipoutBox=\box29
\PDFtoInclude=\read1
 <RefManageR.pdf, id=1, 597.50829pt x 845.0471pt>
File: RefManageR.pdf Graphic file (type pdf)
 <use RefManageR.pdf>
Package pdftex.def Info: RefManageR.pdf used on input line 63.
(pdftex.def)             Requested size: 597.50682pt x 845.04504pt.
File: RefManageR.pdf Graphic file (type pdf)

<use RefManageR.pdf>
Package pdftex.def Info: RefManageR.pdf used on input line 63.
(pdftex.def)             Requested size: 597.50682pt x 845.04504pt.
 <RefManageR.pdf, id=4, page=1, 597.50829pt x 845.0471pt>
File: RefManageR.pdf Graphic file (type pdf)

<use RefManageR.pdf, page 1>
Package pdftex.def Info: RefManageR.pdf, page1 used on input line 63.
(pdftex.def)             Requested size: 597.50682pt x 845.04504pt.
File: RefManageR.pdf Graphic file (type pdf)
 <use RefManageR.pdf, page 1>
Package pdftex.def Info: RefManageR.pdf, page1 used on input line 63.
(pdftex.def)             Requested size: 597.53416pt x 845.08372pt.
File: RefManageR.pdf Graphic file (type pdf)

<use RefManageR.pdf, page 1>
Package pdftex.def Info: RefManageR.pdf, page1 used on input line 63.
(pdftex.def)             Requested size: 597.53416pt x 845.08372pt.
File: RefManageR.pdf Graphic file (type pdf)
 <use RefManageR.pdf, page 1>
Package pdftex.def Info: RefManageR.pdf, page1 used on input line 63.
(pdftex.def)             Requested size: 597.53416pt x 845.08372pt.
File: RefManageR.pdf Graphic file (type pdf)

<use RefManageR.pdf, page 1>
Package pdftex.def Info: RefManageR.pdf, page1 used on input line 63.
(pdftex.def)             Requested size: 597.53416pt x 845.08372pt.
 [1

 <C:/Users/Matthew/Documents/biblatex/RefManageR/code/RefManageR/vignettes/RefM
anageR.pdf{C:/Users/Matthew/AppData/Local/MiKTeX/2.9/pdftex/config/pdftex.map}>
]
<RefManageR.pdf, id=60, page=2, 597.50829pt x 845.0471pt>
File: RefManageR.pdf Graphic file (type pdf)

<use RefManageR.pdf, page 2>
Package pdftex.def Info: RefManageR.pdf, page2 used on input line 63.
(pdftex.def)             Requested size: 597.53416pt x 845.08372pt.
File: RefManageR.pdf Graphic file (type pdf)
 <use RefManageR.pdf, page 2>
Package pdftex.def Info: RefManageR.pdf, page2 used on input line 63.
(pdftex.def)             Requested size: 597.53416pt x 845.08372pt.
File: RefManageR.pdf Graphic file (type pdf)

<use RefManageR.pdf, page 2>
Package pdftex.def Info: RefManageR.pdf, page2 used on input line 63.
(pdftex.def)             Requested size: 597.53416pt x 845.08372pt.
 [2 <C:/Users/Matthew/Documents/biblatex/RefManageR/code/RefManageR/vignettes/R
efManageR.pdf>]
<RefManageR.pdf, id=79, page=3, 597.50829pt x 845.0471pt>
File: RefManageR.pdf Graphic file (type pdf)

<use RefManageR.pdf, page 3>
Package pdftex.def Info: RefManageR.pdf, page3 used on input line 63.
(pdftex.def)             Requested size: 597.53416pt x 845.08372pt.
File: RefManageR.pdf Graphic file (type pdf)
 <use RefManageR.pdf, page 3>
Package pdftex.def Info: RefManageR.pdf, page3 used on input line 63.
(pdftex.def)             Requested size: 597.53416pt x 845.08372pt.
File: RefManageR.pdf Graphic file (type pdf)

<use RefManageR.pdf, page 3>
Package pdftex.def Info: RefManageR.pdf, page3 used on input line 63.
(pdftex.def)             Requested size: 597.53416pt x 845.08372pt.
 [3 <C:/Users/Matthew/Documents/biblatex/RefManageR/code/RefManageR/vignettes/R
efManageR.pdf>]
<RefManageR.pdf, id=88, page=4, 597.50829pt x 845.0471pt>
File: RefManageR.pdf Graphic file (type pdf)

<use RefManageR.pdf, page 4>
Package pdftex.def Info: RefManageR.pdf, page4 used on input line 63.
(pdftex.def)             Requested size: 597.53416pt x 845.08372pt.
File: RefManageR.pdf Graphic file (type pdf)
 <use RefManageR.pdf, page 4>
Package pdftex.def Info: RefManageR.pdf, page4 used on input line 63.
(pdftex.def)             Requested size: 597.53416pt x 845.08372pt.
File: RefManageR.pdf Graphic file (type pdf)

<use RefManageR.pdf, page 4>
Package pdftex.def Info: RefManageR.pdf, page4 used on input line 63.
(pdftex.def)             Requested size: 597.53416pt x 845.08372pt.
 [4 <C:/Users/Matthew/Documents/biblatex/RefManageR/code/RefManageR/vignettes/R
efManageR.pdf>]
<RefManageR.pdf, id=92, page=5, 597.50829pt x 845.0471pt>
File: RefManageR.pdf Graphic file (type pdf)

<use RefManageR.pdf, page 5>
Package pdftex.def Info: RefManageR.pdf, page5 used on input line 63.
(pdftex.def)             Requested size: 597.53416pt x 845.08372pt.
File: RefManageR.pdf Graphic file (type pdf)
 <use RefManageR.pdf, page 5>
Package pdftex.def Info: RefManageR.pdf, page5 used on input line 63.
(pdftex.def)             Requested size: 597.53416pt x 845.08372pt.
File: RefManageR.pdf Graphic file (type pdf)

<use RefManageR.pdf, page 5>
Package pdftex.def Info: RefManageR.pdf, page5 used on input line 63.
(pdftex.def)             Requested size: 597.53416pt x 845.08372pt.
 [5 <C:/Users/Matthew/Documents/biblatex/RefManageR/code/RefManageR/vignettes/R
efManageR.pdf>]
<RefManageR.pdf, id=96, page=6, 597.50829pt x 845.0471pt>
File: RefManageR.pdf Graphic file (type pdf)

<use RefManageR.pdf, page 6>
Package pdftex.def Info: RefManageR.pdf, page6 used on input line 63.
(pdftex.def)             Requested size: 597.53416pt x 845.08372pt.
File: RefManageR.pdf Graphic file (type pdf)
 <use RefManageR.pdf, page 6>
Package pdftex.def Info: RefManageR.pdf, page6 used on input line 63.
(pdftex.def)             Requested size: 597.53416pt x 845.08372pt.
File: RefManageR.pdf Graphic file (type pdf)

<use RefManageR.pdf, page 6>
Package pdftex.def Info: RefManageR.pdf, page6 used on input line 63.
(pdftex.def)             Requested size: 597.53416pt x 845.08372pt.
 [6 <C:/Users/Matthew/Documents/biblatex/RefManageR/code/RefManageR/vignettes/R
efManageR.pdf>]
<RefManageR.pdf, id=100, page=7, 597.50829pt x 845.0471pt>
File: RefManageR.pdf Graphic file (type pdf)

<use RefManageR.pdf, page 7>
Package pdftex.def Info: RefManageR.pdf, page7 used on input line 63.
(pdftex.def)             Requested size: 597.53416pt x 845.08372pt.
File: RefManageR.pdf Graphic file (type pdf)
 <use RefManageR.pdf, page 7>
Package pdftex.def Info: RefManageR.pdf, page7 used on input line 63.
(pdftex.def)             Requested size: 597.53416pt x 845.08372pt.
File: RefManageR.pdf Graphic file (type pdf)

<use RefManageR.pdf, page 7>
Package pdftex.def Info: RefManageR.pdf, page7 used on input line 63.
(pdftex.def)             Requested size: 597.53416pt x 845.08372pt.
 [7 <C:/Users/Matthew/Documents/biblatex/RefManageR/code/RefManageR/vignettes/R
efManageR.pdf>]
<RefManageR.pdf, id=113, page=8, 597.50829pt x 845.0471pt>
File: RefManageR.pdf Graphic file (type pdf)

<use RefManageR.pdf, page 8>
Package pdftex.def Info: RefManageR.pdf, page8 used on input line 63.
(pdftex.def)             Requested size: 597.53416pt x 845.08372pt.
File: RefManageR.pdf Graphic file (type pdf)
 <use RefManageR.pdf, page 8>
Package pdftex.def Info: RefManageR.pdf, page8 used on input line 63.
(pdftex.def)             Requested size: 597.53416pt x 845.08372pt.
File: RefManageR.pdf Graphic file (type pdf)

<use RefManageR.pdf, page 8>
Package pdftex.def Info: RefManageR.pdf, page8 used on input line 63.
(pdftex.def)             Requested size: 597.53416pt x 845.08372pt.
 [8 <C:/Users/Matthew/Documents/biblatex/RefManageR/code/RefManageR/vignettes/R
efManageR.pdf>]
<RefManageR.pdf, id=117, page=9, 597.50829pt x 845.0471pt>
File: RefManageR.pdf Graphic file (type pdf)

<use RefManageR.pdf, page 9>
Package pdftex.def Info: RefManageR.pdf, page9 used on input line 63.
(pdftex.def)             Requested size: 597.53416pt x 845.08372pt.
File: RefManageR.pdf Graphic file (type pdf)
 <use RefManageR.pdf, page 9>
Package pdftex.def Info: RefManageR.pdf, page9 used on input line 63.
(pdftex.def)             Requested size: 597.53416pt x 845.08372pt.
File: RefManageR.pdf Graphic file (type pdf)

<use RefManageR.pdf, page 9>
Package pdftex.def Info: RefManageR.pdf, page9 used on input line 63.
(pdftex.def)             Requested size: 597.53416pt x 845.08372pt.
 [9 <C:/Users/Matthew/Documents/biblatex/RefManageR/code/RefManageR/vignettes/R
efManageR.pdf>]
<RefManageR.pdf, id=121, page=10, 597.50829pt x 845.0471pt>
File: RefManageR.pdf Graphic file (type pdf)

<use RefManageR.pdf, page 10>
Package pdftex.def Info: RefManageR.pdf, page10 used on input line 63.
(pdftex.def)             Requested size: 597.53416pt x 845.08372pt.
File: RefManageR.pdf Graphic file (type pdf)
 <use RefManageR.pdf, page 10>
Package pdftex.def Info: RefManageR.pdf, page10 used on input line 63.
(pdftex.def)             Requested size: 597.53416pt x 845.08372pt.
File: RefManageR.pdf Graphic file (type pdf)

<use RefManageR.pdf, page 10>
Package pdftex.def Info: RefManageR.pdf, page10 used on input line 63.
(pdftex.def)             Requested size: 597.53416pt x 845.08372pt.
 [10 <C:/Users/Matthew/Documents/biblatex/RefManageR/code/RefManageR/vignettes/
RefManageR.pdf>]
<RefManageR.pdf, id=125, page=11, 597.50829pt x 845.0471pt>
File: RefManageR.pdf Graphic file (type pdf)

<use RefManageR.pdf, page 11>
Package pdftex.def Info: RefManageR.pdf, page11 used on input line 63.
(pdftex.def)             Requested size: 597.53416pt x 845.08372pt.
File: RefManageR.pdf Graphic file (type pdf)
 <use RefManageR.pdf, page 11>
Package pdftex.def Info: RefManageR.pdf, page11 used on input line 63.
(pdftex.def)             Requested size: 597.53416pt x 845.08372pt.
File: RefManageR.pdf Graphic file (type pdf)

<use RefManageR.pdf, page 11>
Package pdftex.def Info: RefManageR.pdf, page11 used on input line 63.
(pdftex.def)             Requested size: 597.53416pt x 845.08372pt.
 [11 <C:/Users/Matthew/Documents/biblatex/RefManageR/code/RefManageR/vignettes/
RefManageR.pdf>]
<RefManageR.pdf, id=132, page=12, 597.50829pt x 845.0471pt>
File: RefManageR.pdf Graphic file (type pdf)

<use RefManageR.pdf, page 12>
Package pdftex.def Info: RefManageR.pdf, page12 used on input line 63.
(pdftex.def)             Requested size: 597.53416pt x 845.08372pt.
File: RefManageR.pdf Graphic file (type pdf)
 <use RefManageR.pdf, page 12>
Package pdftex.def Info: RefManageR.pdf, page12 used on input line 63.
(pdftex.def)             Requested size: 597.53416pt x 845.08372pt.
File: RefManageR.pdf Graphic file (type pdf)

<use RefManageR.pdf, page 12>
Package pdftex.def Info: RefManageR.pdf, page12 used on input line 63.
(pdftex.def)             Requested size: 597.53416pt x 845.08372pt.
 [12 <C:/Users/Matthew/Documents/biblatex/RefManageR/code/RefManageR/vignettes/
RefManageR.pdf>]
<RefManageR.pdf, id=136, page=13, 597.50829pt x 845.0471pt>
File: RefManageR.pdf Graphic file (type pdf)

<use RefManageR.pdf, page 13>
Package pdftex.def Info: RefManageR.pdf, page13 used on input line 63.
(pdftex.def)             Requested size: 597.53416pt x 845.08372pt.
File: RefManageR.pdf Graphic file (type pdf)
 <use RefManageR.pdf, page 13>
Package pdftex.def Info: RefManageR.pdf, page13 used on input line 63.
(pdftex.def)             Requested size: 597.53416pt x 845.08372pt.
File: RefManageR.pdf Graphic file (type pdf)

<use RefManageR.pdf, page 13>
Package pdftex.def Info: RefManageR.pdf, page13 used on input line 63.
(pdftex.def)             Requested size: 597.53416pt x 845.08372pt.
 [13 <C:/Users/Matthew/Documents/biblatex/RefManageR/code/RefManageR/vignettes/
RefManageR.pdf>]
<RefManageR.pdf, id=141, page=14, 597.50829pt x 845.0471pt>
File: RefManageR.pdf Graphic file (type pdf)

<use RefManageR.pdf, page 14>
Package pdftex.def Info: RefManageR.pdf, page14 used on input line 63.
(pdftex.def)             Requested size: 597.53416pt x 845.08372pt.
File: RefManageR.pdf Graphic file (type pdf)
 <use RefManageR.pdf, page 14>
Package pdftex.def Info: RefManageR.pdf, page14 used on input line 63.
(pdftex.def)             Requested size: 597.53416pt x 845.08372pt.
File: RefManageR.pdf Graphic file (type pdf)

<use RefManageR.pdf, page 14>
Package pdftex.def Info: RefManageR.pdf, page14 used on input line 63.
(pdftex.def)             Requested size: 597.53416pt x 845.08372pt.
 [14 <C:/Users/Matthew/Documents/biblatex/RefManageR/code/RefManageR/vignettes/
RefManageR.pdf>]
<RefManageR.pdf, id=145, page=15, 597.50829pt x 845.0471pt>
File: RefManageR.pdf Graphic file (type pdf)

<use RefManageR.pdf, page 15>
Package pdftex.def Info: RefManageR.pdf, page15 used on input line 63.
(pdftex.def)             Requested size: 597.53416pt x 845.08372pt.
File: RefManageR.pdf Graphic file (type pdf)
 <use RefManageR.pdf, page 15>
Package pdftex.def Info: RefManageR.pdf, page15 used on input line 63.
(pdftex.def)             Requested size: 597.53416pt x 845.08372pt.
File: RefManageR.pdf Graphic file (type pdf)

<use RefManageR.pdf, page 15>
Package pdftex.def Info: RefManageR.pdf, page15 used on input line 63.
(pdftex.def)             Requested size: 597.53416pt x 845.08372pt.
 [15 <C:/Users/Matthew/Documents/biblatex/RefManageR/code/RefManageR/vignettes/
RefManageR.pdf>]
<RefManageR.pdf, id=149, page=16, 597.50829pt x 845.0471pt>
File: RefManageR.pdf Graphic file (type pdf)

<use RefManageR.pdf, page 16>
Package pdftex.def Info: RefManageR.pdf, page16 used on input line 63.
(pdftex.def)             Requested size: 597.53416pt x 845.08372pt.
File: RefManageR.pdf Graphic file (type pdf)
 <use RefManageR.pdf, page 16>
Package pdftex.def Info: RefManageR.pdf, page16 used on input line 63.
(pdftex.def)             Requested size: 597.53416pt x 845.08372pt.
File: RefManageR.pdf Graphic file (type pdf)

<use RefManageR.pdf, page 16>
Package pdftex.def Info: RefManageR.pdf, page16 used on input line 63.
(pdftex.def)             Requested size: 597.53416pt x 845.08372pt.
 [16 <C:/Users/Matthew/Documents/biblatex/RefManageR/code/RefManageR/vignettes/
RefManageR.pdf>]
<RefManageR.pdf, id=153, page=17, 597.50829pt x 845.0471pt>
File: RefManageR.pdf Graphic file (type pdf)

<use RefManageR.pdf, page 17>
Package pdftex.def Info: RefManageR.pdf, page17 used on input line 63.
(pdftex.def)             Requested size: 597.53416pt x 845.08372pt.
File: RefManageR.pdf Graphic file (type pdf)
 <use RefManageR.pdf, page 17>
Package pdftex.def Info: RefManageR.pdf, page17 used on input line 63.
(pdftex.def)             Requested size: 597.53416pt x 845.08372pt.
File: RefManageR.pdf Graphic file (type pdf)

<use RefManageR.pdf, page 17>
Package pdftex.def Info: RefManageR.pdf, page17 used on input line 63.
(pdftex.def)             Requested size: 597.53416pt x 845.08372pt.
 [17 <C:/Users/Matthew/Documents/biblatex/RefManageR/code/RefManageR/vignettes/
RefManageR.pdf>]
<RefManageR.pdf, id=157, page=18, 597.50829pt x 845.0471pt>
File: RefManageR.pdf Graphic file (type pdf)

<use RefManageR.pdf, page 18>
Package pdftex.def Info: RefManageR.pdf, page18 used on input line 63.
(pdftex.def)             Requested size: 597.53416pt x 845.08372pt.
File: RefManageR.pdf Graphic file (type pdf)
 <use RefManageR.pdf, page 18>
Package pdftex.def Info: RefManageR.pdf, page18 used on input line 63.
(pdftex.def)             Requested size: 597.53416pt x 845.08372pt.
File: RefManageR.pdf Graphic file (type pdf)

<use RefManageR.pdf, page 18>
Package pdftex.def Info: RefManageR.pdf, page18 used on input line 63.
(pdftex.def)             Requested size: 597.53416pt x 845.08372pt.
 [18 <C:/Users/Matthew/Documents/biblatex/RefManageR/code/RefManageR/vignettes/
RefManageR.pdf>]
<RefManageR.pdf, id=161, page=19, 597.50829pt x 845.0471pt>
File: RefManageR.pdf Graphic file (type pdf)

<use RefManageR.pdf, page 19>
Package pdftex.def Info: RefManageR.pdf, page19 used on input line 63.
(pdftex.def)             Requested size: 597.53416pt x 845.08372pt.
File: RefManageR.pdf Graphic file (type pdf)
 <use RefManageR.pdf, page 19>
Package pdftex.def Info: RefManageR.pdf, page19 used on input line 63.
(pdftex.def)             Requested size: 597.53416pt x 845.08372pt.
File: RefManageR.pdf Graphic file (type pdf)

<use RefManageR.pdf, page 19>
Package pdftex.def Info: RefManageR.pdf, page19 used on input line 63.
(pdftex.def)             Requested size: 597.53416pt x 845.08372pt.
 [19 <C:/Users/Matthew/Documents/biblatex/RefManageR/code/RefManageR/vignettes/
RefManageR.pdf>]
<RefManageR.pdf, id=166, page=20, 597.50829pt x 845.0471pt>
File: RefManageR.pdf Graphic file (type pdf)

<use RefManageR.pdf, page 20>
Package pdftex.def Info: RefManageR.pdf, page20 used on input line 63.
(pdftex.def)             Requested size: 597.53416pt x 845.08372pt.
File: RefManageR.pdf Graphic file (type pdf)
 <use RefManageR.pdf, page 20>
Package pdftex.def Info: RefManageR.pdf, page20 used on input line 63.
(pdftex.def)             Requested size: 597.53416pt x 845.08372pt.
File: RefManageR.pdf Graphic file (type pdf)

<use RefManageR.pdf, page 20>
Package pdftex.def Info: RefManageR.pdf, page20 used on input line 63.
(pdftex.def)             Requested size: 597.53416pt x 845.08372pt.
 [20 <C:/Users/Matthew/Documents/biblatex/RefManageR/code/RefManageR/vignettes/
RefManageR.pdf>]
<RefManageR.pdf, id=170, page=21, 597.50829pt x 845.0471pt>
File: RefManageR.pdf Graphic file (type pdf)

<use RefManageR.pdf, page 21>
Package pdftex.def Info: RefManageR.pdf, page21 used on input line 63.
(pdftex.def)             Requested size: 597.53416pt x 845.08372pt.
File: RefManageR.pdf Graphic file (type pdf)
 <use RefManageR.pdf, page 21>
Package pdftex.def Info: RefManageR.pdf, page21 used on input line 63.
(pdftex.def)             Requested size: 597.53416pt x 845.08372pt.
File: RefManageR.pdf Graphic file (type pdf)

<use RefManageR.pdf, page 21>
Package pdftex.def Info: RefManageR.pdf, page21 used on input line 63.
(pdftex.def)             Requested size: 597.53416pt x 845.08372pt.
 [21 <C:/Users/Matthew/Documents/biblatex/RefManageR/code/RefManageR/vignettes/
RefManageR.pdf>]
<RefManageR.pdf, id=174, page=22, 597.50829pt x 845.0471pt>
File: RefManageR.pdf Graphic file (type pdf)

<use RefManageR.pdf, page 22>
Package pdftex.def Info: RefManageR.pdf, page22 used on input line 63.
(pdftex.def)             Requested size: 597.53416pt x 845.08372pt.
File: RefManageR.pdf Graphic file (type pdf)
 <use RefManageR.pdf, page 22>
Package pdftex.def Info: RefManageR.pdf, page22 used on input line 63.
(pdftex.def)             Requested size: 597.53416pt x 845.08372pt.
File: RefManageR.pdf Graphic file (type pdf)

<use RefManageR.pdf, page 22>
Package pdftex.def Info: RefManageR.pdf, page22 used on input line 63.
(pdftex.def)             Requested size: 597.53416pt x 845.08372pt.
 [22 <C:/Users/Matthew/Documents/biblatex/RefManageR/code/RefManageR/vignettes/
RefManageR.pdf>]
<RefManageR.pdf, id=197, page=23, 597.50829pt x 845.0471pt>
File: RefManageR.pdf Graphic file (type pdf)

<use RefManageR.pdf, page 23>
Package pdftex.def Info: RefManageR.pdf, page23 used on input line 63.
(pdftex.def)             Requested size: 597.53416pt x 845.08372pt.
File: RefManageR.pdf Graphic file (type pdf)
 <use RefManageR.pdf, page 23>
Package pdftex.def Info: RefManageR.pdf, page23 used on input line 63.
(pdftex.def)             Requested size: 597.53416pt x 845.08372pt.
File: RefManageR.pdf Graphic file (type pdf)

<use RefManageR.pdf, page 23>
Package pdftex.def Info: RefManageR.pdf, page23 used on input line 63.
(pdftex.def)             Requested size: 597.53416pt x 845.08372pt.
 [23 <C:/Users/Matthew/Documents/biblatex/RefManageR/code/RefManageR/vignettes/
RefManageR.pdf>]
<RefManageR.pdf, id=201, page=24, 597.50829pt x 845.0471pt>
File: RefManageR.pdf Graphic file (type pdf)

<use RefManageR.pdf, page 24>
Package pdftex.def Info: RefManageR.pdf, page24 used on input line 63.
(pdftex.def)             Requested size: 597.53416pt x 845.08372pt.
File: RefManageR.pdf Graphic file (type pdf)
 <use RefManageR.pdf, page 24>
Package pdftex.def Info: RefManageR.pdf, page24 used on input line 63.
(pdftex.def)             Requested size: 597.53416pt x 845.08372pt.
File: RefManageR.pdf Graphic file (type pdf)

<use RefManageR.pdf, page 24>
Package pdftex.def Info: RefManageR.pdf, page24 used on input line 63.
(pdftex.def)             Requested size: 597.53416pt x 845.08372pt.
 [24 <C:/Users/Matthew/Documents/biblatex/RefManageR/code/RefManageR/vignettes/
RefManageR.pdf>]
<RefManageR.pdf, id=205, page=25, 597.50829pt x 845.0471pt>
File: RefManageR.pdf Graphic file (type pdf)

<use RefManageR.pdf, page 25>
Package pdftex.def Info: RefManageR.pdf, page25 used on input line 63.
(pdftex.def)             Requested size: 597.53416pt x 845.08372pt.
File: RefManageR.pdf Graphic file (type pdf)
 <use RefManageR.pdf, page 25>
Package pdftex.def Info: RefManageR.pdf, page25 used on input line 63.
(pdftex.def)             Requested size: 597.53416pt x 845.08372pt.
File: RefManageR.pdf Graphic file (type pdf)

<use RefManageR.pdf, page 25>
Package pdftex.def Info: RefManageR.pdf, page25 used on input line 63.
(pdftex.def)             Requested size: 597.53416pt x 845.08372pt.
 [25 <C:/Users/Matthew/Documents/biblatex/RefManageR/code/RefManageR/vignettes/
RefManageR.pdf>]
<RefManageR.pdf, id=210, page=26, 597.50829pt x 845.0471pt>
File: RefManageR.pdf Graphic file (type pdf)

<use RefManageR.pdf, page 26>
Package pdftex.def Info: RefManageR.pdf, page26 used on input line 63.
(pdftex.def)             Requested size: 597.53416pt x 845.08372pt.
File: RefManageR.pdf Graphic file (type pdf)
 <use RefManageR.pdf, page 26>
Package pdftex.def Info: RefManageR.pdf, page26 used on input line 63.
(pdftex.def)             Requested size: 597.53416pt x 845.08372pt.
File: RefManageR.pdf Graphic file (type pdf)

<use RefManageR.pdf, page 26>
Package pdftex.def Info: RefManageR.pdf, page26 used on input line 63.
(pdftex.def)             Requested size: 597.53416pt x 845.08372pt.
 [26 <C:/Users/Matthew/Documents/biblatex/RefManageR/code/RefManageR/vignettes/
RefManageR.pdf>]
<RefManageR.pdf, id=214, page=27, 597.50829pt x 845.0471pt>
File: RefManageR.pdf Graphic file (type pdf)

<use RefManageR.pdf, page 27>
Package pdftex.def Info: RefManageR.pdf, page27 used on input line 63.
(pdftex.def)             Requested size: 597.53416pt x 845.08372pt.
File: RefManageR.pdf Graphic file (type pdf)
 <use RefManageR.pdf, page 27>
Package pdftex.def Info: RefManageR.pdf, page27 used on input line 63.
(pdftex.def)             Requested size: 597.53416pt x 845.08372pt.
File: RefManageR.pdf Graphic file (type pdf)

<use RefManageR.pdf, page 27>
Package pdftex.def Info: RefManageR.pdf, page27 used on input line 63.
(pdftex.def)             Requested size: 597.53416pt x 845.08372pt.
 [27 <C:/Users/Matthew/Documents/biblatex/RefManageR/code/RefManageR/vignettes/
RefManageR.pdf>]
<RefManageR.pdf, id=218, page=28, 597.50829pt x 845.0471pt>
File: RefManageR.pdf Graphic file (type pdf)

<use RefManageR.pdf, page 28>
Package pdftex.def Info: RefManageR.pdf, page28 used on input line 63.
(pdftex.def)             Requested size: 597.53416pt x 845.08372pt.
File: RefManageR.pdf Graphic file (type pdf)
 <use RefManageR.pdf, page 28>
Package pdftex.def Info: RefManageR.pdf, page28 used on input line 63.
(pdftex.def)             Requested size: 597.53416pt x 845.08372pt.
File: RefManageR.pdf Graphic file (type pdf)

<use RefManageR.pdf, page 28>
Package pdftex.def Info: RefManageR.pdf, page28 used on input line 63.
(pdftex.def)             Requested size: 597.53416pt x 845.08372pt.
 [28 <C:/Users/Matthew/Documents/biblatex/RefManageR/code/RefManageR/vignettes/
RefManageR.pdf>]
<RefManageR.pdf, id=222, page=29, 597.50829pt x 845.0471pt>
File: RefManageR.pdf Graphic file (type pdf)

<use RefManageR.pdf, page 29>
Package pdftex.def Info: RefManageR.pdf, page29 used on input line 63.
(pdftex.def)             Requested size: 597.53416pt x 845.08372pt.
File: RefManageR.pdf Graphic file (type pdf)
 <use RefManageR.pdf, page 29>
Package pdftex.def Info: RefManageR.pdf, page29 used on input line 63.
(pdftex.def)             Requested size: 597.53416pt x 845.08372pt.
File: RefManageR.pdf Graphic file (type pdf)

<use RefManageR.pdf, page 29>
Package pdftex.def Info: RefManageR.pdf, page29 used on input line 63.
(pdftex.def)             Requested size: 597.53416pt x 845.08372pt.
 [29 <C:/Users/Matthew/Documents/biblatex/RefManageR/code/RefManageR/vignettes/
RefManageR.pdf>]
<RefManageR.pdf, id=226, page=30, 597.50829pt x 845.0471pt>
File: RefManageR.pdf Graphic file (type pdf)

<use RefManageR.pdf, page 30>
Package pdftex.def Info: RefManageR.pdf, page30 used on input line 63.
(pdftex.def)             Requested size: 597.53416pt x 845.08372pt.
File: RefManageR.pdf Graphic file (type pdf)
 <use RefManageR.pdf, page 30>
Package pdftex.def Info: RefManageR.pdf, page30 used on input line 63.
(pdftex.def)             Requested size: 597.53416pt x 845.08372pt.
File: RefManageR.pdf Graphic file (type pdf)

<use RefManageR.pdf, page 30>
Package pdftex.def Info: RefManageR.pdf, page30 used on input line 63.
(pdftex.def)             Requested size: 597.53416pt x 845.08372pt.
 [30 <C:/Users/Matthew/Documents/biblatex/RefManageR/code/RefManageR/vignettes/
RefManageR.pdf>]
(C:\Users\Matthew\Documents\biblatex\RefManageR\code\RefManageR\vignettes\manua
l.aux) ) 
Here is how much of TeX's memory you used:
 2126 strings out of 493921
 31991 string characters out of 3144870
 82860 words of memory out of 3000000
 5430 multiletter control sequences out of 15000+200000
 3640 words of font info for 14 fonts, out of 3000000 for 9000
 841 hyphenation exceptions out of 8191
 39i,18n,43p,293b,425s stack positions out of 5000i,500n,10000p,200000b,50000s
<C:/Program Files (x86)/MiKTeX 2.9/fonts/type1/public/lm/lmb10.pfb><C:/
Program Files (x86)/MiKTeX 2.9/fonts/type1/public/lm/lmbo10.pfb><C:/Program Fil
es (x86)/MiKTeX 2.9/fonts/type1/public/lm/lmbx10.pfb><C:/Program Files (x86)/Mi
KTeX 2.9/fonts/type1/public/lm/lmbx12.pfb><C:/Program Files (x86)/MiKTeX 2.9/fo
nts/type1/public/lm/lmbx8.pfb><C:/Program Files (x86)/MiKTeX 2.9/fonts/type1/pu
blic/lm/lmmi10.pfb><C:/Program Files (x86)/MiKTeX 2.9/fonts/type1/public/lm/lmr
10.pfb><C:/Program Files (x86)/MiKTeX 2.9/fonts/type1/public/lm/lmr7.pfb><C:/Pr
ogram Files (x86)/MiKTeX 2.9/fonts/type1/public/lm/lmr8.pfb><C:/Program Files (
x86)/MiKTeX 2.9/fonts/type1/public/lm/lmri10.pfb><C:/Program Files (x86)/MiKTeX
 2.9/fonts/type1/public/lm/lmri8.pfb><C:/Program Files (x86)/MiKTeX 2.9/fonts/t
ype1/public/lm/lmro10.pfb><C:/Program Files (x86)/MiKTeX 2.9/fonts/type1/public
/lm/lmss10.pfb><C:/Program Files (x86)/MiKTeX 2.9/fonts/type1/public/lm/lmtk10.
pfb><C:/Program Files (x86)/MiKTeX 2.9/fonts/type1/public/lm/lmtt10.pfb><C:/Pro
gram Files (x86)/MiKTeX 2.9/fonts/type1/public/lm/lmtt12.pfb><C:/Program Files 
(x86)/MiKTeX 2.9/fonts/type1/public/lm/lmtti10.pfb><C:/Program Files (x86)/MiKT
eX 2.9/fonts/type1/urw/zapfchan/uzcmi8a.pfb>
Output written on manual.pdf (30 pages, 536190 bytes).
PDF statistics:
 255 PDF objects out of 1000 (max. 8388607)
 0 named destinations out of 1000 (max. 500000)
 166 words of extra memory for PDF output out of 10000 (max. 10000000)

